[2021-07-08 22:15:31.221][2107082215312215E924][IN][URL][POST][/login][Header Authorization : Basic dXNlcmZyYW5rOjEyMzQ=]
[2021-07-08 22:15:31.223][2107082215312215E924][OUT][URL][POST][/login][{"message":"login successfull! welcome frank sinatra"}]
[2021-07-08 22:15:33.074][210708221533074EF61E][IN][URL][POST][/login][Header Authorization : Basic dXNlcmZyYW5rOjEyMzQ=]
[2021-07-08 22:15:33.075][210708221533074EF61E][OUT][URL][POST][/login][{"message":"login successfull! welcome frank sinatra"}]
[2021-07-08 22:15:43.398][210708221543398E3974][IN][URL][GET][/users?limit=5&offset=0][]
[2021-07-08 22:15:43.413][210708221543398E3974][OUT][URL][GET][/users?limit=5&offset=0][{"data":[{"id":"210708212909657cb25f","full_name":"fahmy abida","username":"fahmyabida"},{"id":"2107082131328312bd20","full_name":"frank sinatra","username":"userfrank"}],"message":"success get data","total":2}]
[2021-07-08 22:15:46.610][210708221546610CB336][IN][URL][GET][/users?limit=5&offset=0][]
[2021-07-08 22:15:46.612][210708221546610CB336][OUT][URL][GET][/users?limit=5&offset=0][{"data":[{"id":"210708212909657cb25f","full_name":"fahmy abida","username":"fahmyabida"},{"id":"2107082131328312bd20","full_name":"frank sinatra","username":"userfrank"}],"message":"success get data","total":2}]
[2021-07-08 22:15:51.237][210708221551237B0F95][IN][URL][GET][/user/210708213043187de83a][]
[2021-07-08 22:15:51.239][210708221551237B0F95][OUT][URL][GET][/user/210708213043187de83a][{"code":"DBEE","description":"data not found"}]
[2021-07-08 22:16:02.198][210708221602198C5D9A][IN][URL][GET][/user/2107082131328312bd20][]
[2021-07-08 22:16:02.199][210708221602198C5D9A][OUT][URL][GET][/user/2107082131328312bd20][{"data":{"id":"2107082131328312bd20","full_name":"frank sinatra","username":"userfrank"},"message":"success get data"}]
[2021-07-08 22:16:06.197][210708221606197FD300][IN][URL][POST][/user][{\n    "first_name":"fahmy",\n    "last_name":"abida",\n    "username":"fahmyabidaaf",\n    "password":"1234"\n}]
[2021-07-08 22:16:06.201][210708221606197FD300][OUT][URL][POST][/user][{"message":"success add user data with id 2107082216061978e688"}]
[2021-07-08 22:16:10.879][210708221610878D6460][IN][URL][PUT][/user/2107082131328312bd20][{\n    "first_name":"frank",\n    "last_name":"sinatra",\n    "username":"userfrank",\n    "password":"1234"\n}]
[2021-07-08 22:16:10.894][210708221610878D6460][OUT][URL][PUT][/user/2107082131328312bd20][{"message":"success update user data with id 2107082131328312bd20"}]
[2021-07-08 22:16:14.215][21070822161421533F19][IN][URL][GET][/users?limit=5&offset=0][]
[2021-07-08 22:16:14.217][21070822161421533F19][OUT][URL][GET][/users?limit=5&offset=0][{"data":[{"id":"210708212909657cb25f","full_name":"fahmy abida","username":"fahmyabida"},{"id":"2107082216061978e688","full_name":"fahmy abida","username":"fahmyabidaaf"},{"id":"2107082131328312bd20","full_name":"frank sinatra","username":"userfrank"}],"message":"success get data","total":3}]
[2021-07-08 22:16:19.776][210708221619776265AF][IN][URL][DELETE][/user/2107082216061978e688][{\n    "first_name":"frank",\n    "last_name":"sinatra",\n    "username":"userfrank",\n    "password":"123456"\n}]
[2021-07-08 22:16:19.783][210708221619776265AF][OUT][URL][DELETE][/user/2107082216061978e688][{"message":"success delete user data with id 2107082216061978e688"}]
[2021-07-08 22:16:23.063][2107082216230632018A][IN][URL][DELETE][/user/2107082216061978e688][{\n    "first_name":"frank",\n    "last_name":"sinatra",\n    "username":"userfrank",\n    "password":"123456"\n}]
[2021-07-08 22:16:23.066][2107082216230632018A][OUT][URL][DELETE][/user/2107082216061978e688][{"code":"RPEE","description":"user id not found"}]
[2021-07-08 22:16:26.945][210708221626945C214E][IN][URL][POST][/login][Header Authorization : Basic dXNlcmZyYW5rOjEyMzQ=]
[2021-07-08 22:16:26.946][210708221626945C214E][OUT][URL][POST][/login][{"message":"login successfull! welcome frank sinatra"}]
